-- Found ament_cmake: 0.8.2 (/opt/ros/eloquent/share/ament_cmake/cmake)
-- Using PYTHON_EXECUTABLE: /usr/bin/python3
-- Override CMake install command with custom implementation using symlinks instead of copying resources
-- Found rclcpp: 0.8.4 (/opt/ros/eloquent/share/rclcpp/cmake)
-- Found rosidl_adapter: 0.8.2 (/opt/ros/eloquent/share/rosidl_adapter/cmake)
-- Found rmw_implementation_cmake: 0.8.1 (/opt/ros/eloquent/share/rmw_implementation_cmake/cmake)
-- Using RMW implementation 'rmw_fastrtps_cpp' as default
-- Found std_msgs: 0.8.1 (/opt/ros/eloquent/share/std_msgs/cmake)
-- Configuring done
-- Generating done
-- Build files have been written to: /home/philipp/cecar-technology/ros2_ws/build/node-configuration_example
[100%] Built target listener
[100%] Built target talker
-- Install configuration: ""
-- Execute custom install script
-- Up-to-date symlink: /home/philipp/cecar-technology/ros2_ws/install/node-configuration_example/lib/node-configuration_example/talker
-- Up-to-date symlink: /home/philipp/cecar-technology/ros2_ws/install/node-configuration_example/lib/node-configuration_example/listener
-- Up-to-date symlink: /home/philipp/cecar-technology/ros2_ws/install/node-configuration_example/share/ament_index/resource_index/package_run_dependencies/node-configuration_example
-- Up-to-date symlink: /home/philipp/cecar-technology/ros2_ws/install/node-configuration_example/share/ament_index/resource_index/parent_prefix_path/node-configuration_example
-- Up-to-date symlink: /home/philipp/cecar-technology/ros2_ws/install/node-configuration_example/share/node-configuration_example/environment/ament_prefix_path.sh
-- Up-to-date symlink: /home/philipp/cecar-technology/ros2_ws/install/node-configuration_example/share/node-configuration_example/environment/ament_prefix_path.dsv
-- Up-to-date symlink: /home/philipp/cecar-technology/ros2_ws/install/node-configuration_example/share/node-configuration_example/environment/path.sh
-- Up-to-date symlink: /home/philipp/cecar-technology/ros2_ws/install/node-configuration_example/share/node-configuration_example/environment/path.dsv
-- Up-to-date symlink: /home/philipp/cecar-technology/ros2_ws/install/node-configuration_example/share/node-configuration_example/local_setup.bash
-- Up-to-date symlink: /home/philipp/cecar-technology/ros2_ws/install/node-configuration_example/share/node-configuration_example/local_setup.sh
-- Up-to-date symlink: /home/philipp/cecar-technology/ros2_ws/install/node-configuration_example/share/node-configuration_example/local_setup.zsh
-- Up-to-date symlink: /home/philipp/cecar-technology/ros2_ws/install/node-configuration_example/share/node-configuration_example/local_setup.dsv
-- Symlinking: /home/philipp/cecar-technology/ros2_ws/install/node-configuration_example/share/node-configuration_example/package.dsv
-- Up-to-date symlink: /home/philipp/cecar-technology/ros2_ws/install/node-configuration_example/share/ament_index/resource_index/packages/node-configuration_example
-- Up-to-date symlink: /home/philipp/cecar-technology/ros2_ws/install/node-configuration_example/share/node-configuration_example/cmake/node-configuration_exampleConfig.cmake
-- Up-to-date symlink: /home/philipp/cecar-technology/ros2_ws/install/node-configuration_example/share/node-configuration_example/cmake/node-configuration_exampleConfig-version.cmake
-- Up-to-date symlink: /home/philipp/cecar-technology/ros2_ws/install/node-configuration_example/share/node-configuration_example/package.xml
