[0.029s] Invoking command in '/home/philipp/cecar-technology/ros2_ws/build/node-configuration_example': CMAKE_PREFIX_PATH=/home/philipp/project_nrsss0567105/ros2_ws/install/reconfiguration:/home/philipp/project_nrsss0567105/ros2_ws/install/reconfiguration_msgs:/home/philipp/project_nrsss0567105/ros2_ws/install/service_control_msgs:/home/philipp/dev_ws/src/install/cpp_srvcli:/home/philipp/dev_ws/src/install/cpp_pubsub:/home/philipp/dev_ws/src/install/tutorial_interfaces:/home/philipp/dev_ws/src/install/turtlesim:/home/philipp/dev_ws/src/install/testcar_description:/home/philipp/dev_ws/src/install/platooning:/home/philipp/dev_ws/src/install/platooning_interfaces:/home/philipp/dev_ws/src/install/my_package:/home/philipp/dev_ws/src/install/ackermann_vehicle_plugin:/home/philipp/dev_ws/src/install/ackermann_msgs:/home/philipp/dev_ws/install/cpp_srvcli:/home/philipp/dev_ws/install/cpp_pubsub:/home/philipp/dev_ws/install/tutorial_interfaces:/home/philipp/dev_ws/install/turtlesim:/home/philipp/dev_ws/install/testcar_gazebo:/home/philipp/dev_ws/install/testcar_description:/home/philipp/dev_ws/install/my_package:/home/philipp/dev_ws/install/ackermann_vehicle_plugin:/home/philipp/project_nrsss0567105/ros2_ws/install/platooning:/home/philipp/project_nrsss0567105/ros2_ws/install/system_discovery:/home/philipp/project_nrsss0567105/ros2_ws/install/system_discovery_msgs:/home/philipp/project_nrsss0567105/ros2_ws/install/platooning_interfaces:/home/philipp/project_nrsss0567105/ros2_ws/install/ackermann_vehicle_plugin:/home/philipp/project_nrsss0567105/ros2_ws/install/ackermann_vehicle_description:/home/philipp/project_nrsss0567105/ros2_ws/install/ackermann_msgs:/opt/ros/eloquent:/home/philipp/dev_ws/install/ackermann_msgs /usr/local/bin/cmake /home/philipp/cecar-technology/ros2_ws/src/node-configuration_example -DCMAKE_INSTALL_PREFIX=/home/philipp/cecar-technology/ros2_ws/install/node-configuration_example
[1.102s] -- The C compiler identification is GNU 7.5.0
[1.685s] -- The CXX compiler identification is GNU 7.5.0
[1.814s] -- Check for working C compiler: /usr/bin/cc
[1.964s] -- Check for working C compiler: /usr/bin/cc - works
[1.976s] -- Detecting C compiler ABI info
[2.106s] -- Detecting C compiler ABI info - done
[2.132s] -- Detecting C compile features
[2.133s] -- Detecting C compile features - done
[2.145s] -- Check for working CXX compiler: /usr/bin/c++
[2.228s] -- Check for working CXX compiler: /usr/bin/c++ - works
[2.230s] -- Detecting CXX compiler ABI info
[2.329s] -- Detecting CXX compiler ABI info - done
[2.346s] -- Detecting CXX compile features
[2.346s] -- Detecting CXX compile features - done
[2.388s] -- Found ament_cmake: 0.8.2 (/opt/ros/eloquent/share/ament_cmake/cmake)
[2.502s] -- Found PythonInterp: /usr/bin/python3 (found suitable version "3.6.9", minimum required is "3") 
[2.502s] -- Using PYTHON_EXECUTABLE: /usr/bin/python3
[2.890s] -- Found rclcpp: 0.8.4 (/opt/ros/eloquent/share/rclcpp/cmake)
[3.198s] -- Found rosidl_adapter: 0.8.2 (/opt/ros/eloquent/share/rosidl_adapter/cmake)
[3.431s] -- Found rmw_implementation_cmake: 0.8.1 (/opt/ros/eloquent/share/rmw_implementation_cmake/cmake)
[3.438s] -- Using RMW implementation 'rmw_fastrtps_cpp' as default
[3.458s] -- Looking for pthread.h
[3.539s] -- Looking for pthread.h - found
[3.539s] -- Performing Test CMAKE_HAVE_LIBC_PTHREAD
[3.657s] -- Performing Test CMAKE_HAVE_LIBC_PTHREAD - Failed
[3.657s] -- Looking for pthread_create in pthreads
[3.723s] -- Looking for pthread_create in pthreads - not found
[3.723s] -- Looking for pthread_create in pthread
[3.804s] -- Looking for pthread_create in pthread - found
[3.806s] -- Found Threads: TRUE  
[3.989s] -- Found std_msgs: 0.8.1 (/opt/ros/eloquent/share/std_msgs/cmake)
[4.156s] -- Configuring done
[4.565s] -- Generating done
[4.567s] -- Build files have been written to: /home/philipp/cecar-technology/ros2_ws/build/node-configuration_example
[4.574s] Invoked command in '/home/philipp/cecar-technology/ros2_ws/build/node-configuration_example' returned '0': CMAKE_PREFIX_PATH=/home/philipp/project_nrsss0567105/ros2_ws/install/reconfiguration:/home/philipp/project_nrsss0567105/ros2_ws/install/reconfiguration_msgs:/home/philipp/project_nrsss0567105/ros2_ws/install/service_control_msgs:/home/philipp/dev_ws/src/install/cpp_srvcli:/home/philipp/dev_ws/src/install/cpp_pubsub:/home/philipp/dev_ws/src/install/tutorial_interfaces:/home/philipp/dev_ws/src/install/turtlesim:/home/philipp/dev_ws/src/install/testcar_description:/home/philipp/dev_ws/src/install/platooning:/home/philipp/dev_ws/src/install/platooning_interfaces:/home/philipp/dev_ws/src/install/my_package:/home/philipp/dev_ws/src/install/ackermann_vehicle_plugin:/home/philipp/dev_ws/src/install/ackermann_msgs:/home/philipp/dev_ws/install/cpp_srvcli:/home/philipp/dev_ws/install/cpp_pubsub:/home/philipp/dev_ws/install/tutorial_interfaces:/home/philipp/dev_ws/install/turtlesim:/home/philipp/dev_ws/install/testcar_gazebo:/home/philipp/dev_ws/install/testcar_description:/home/philipp/dev_ws/install/my_package:/home/philipp/dev_ws/install/ackermann_vehicle_plugin:/home/philipp/project_nrsss0567105/ros2_ws/install/platooning:/home/philipp/project_nrsss0567105/ros2_ws/install/system_discovery:/home/philipp/project_nrsss0567105/ros2_ws/install/system_discovery_msgs:/home/philipp/project_nrsss0567105/ros2_ws/install/platooning_interfaces:/home/philipp/project_nrsss0567105/ros2_ws/install/ackermann_vehicle_plugin:/home/philipp/project_nrsss0567105/ros2_ws/install/ackermann_vehicle_description:/home/philipp/project_nrsss0567105/ros2_ws/install/ackermann_msgs:/opt/ros/eloquent:/home/philipp/dev_ws/install/ackermann_msgs /usr/local/bin/cmake /home/philipp/cecar-technology/ros2_ws/src/node-configuration_example -DCMAKE_INSTALL_PREFIX=/home/philipp/cecar-technology/ros2_ws/install/node-configuration_example
[4.579s] Invoking command in '/home/philipp/cecar-technology/ros2_ws/build/node-configuration_example': CMAKE_PREFIX_PATH=/home/philipp/project_nrsss0567105/ros2_ws/install/reconfiguration:/home/philipp/project_nrsss0567105/ros2_ws/install/reconfiguration_msgs:/home/philipp/project_nrsss0567105/ros2_ws/install/service_control_msgs:/home/philipp/dev_ws/src/install/cpp_srvcli:/home/philipp/dev_ws/src/install/cpp_pubsub:/home/philipp/dev_ws/src/install/tutorial_interfaces:/home/philipp/dev_ws/src/install/turtlesim:/home/philipp/dev_ws/src/install/testcar_description:/home/philipp/dev_ws/src/install/platooning:/home/philipp/dev_ws/src/install/platooning_interfaces:/home/philipp/dev_ws/src/install/my_package:/home/philipp/dev_ws/src/install/ackermann_vehicle_plugin:/home/philipp/dev_ws/src/install/ackermann_msgs:/home/philipp/dev_ws/install/cpp_srvcli:/home/philipp/dev_ws/install/cpp_pubsub:/home/philipp/dev_ws/install/tutorial_interfaces:/home/philipp/dev_ws/install/turtlesim:/home/philipp/dev_ws/install/testcar_gazebo:/home/philipp/dev_ws/install/testcar_description:/home/philipp/dev_ws/install/my_package:/home/philipp/dev_ws/install/ackermann_vehicle_plugin:/home/philipp/project_nrsss0567105/ros2_ws/install/platooning:/home/philipp/project_nrsss0567105/ros2_ws/install/system_discovery:/home/philipp/project_nrsss0567105/ros2_ws/install/system_discovery_msgs:/home/philipp/project_nrsss0567105/ros2_ws/install/platooning_interfaces:/home/philipp/project_nrsss0567105/ros2_ws/install/ackermann_vehicle_plugin:/home/philipp/project_nrsss0567105/ros2_ws/install/ackermann_vehicle_description:/home/philipp/project_nrsss0567105/ros2_ws/install/ackermann_msgs:/opt/ros/eloquent:/home/philipp/dev_ws/install/ackermann_msgs /usr/local/bin/cmake --build /home/philipp/cecar-technology/ros2_ws/build/node-configuration_example -- -j4 -l4
[4.604s] [35m[1mScanning dependencies of target listener[0m
[4.605s] [35m[1mScanning dependencies of target talker[0m
[5.229s] [ 25%] [32mBuilding CXX object CMakeFiles/listener.dir/src/demo_subscriber.cpp.o[0m
[5.237s] [ 50%] [32mBuilding CXX object CMakeFiles/talker.dir/src/demo_publisher.cpp.o[0m
[8.723s] [ 75%] [32m[1mLinking CXX executable talker[0m
[9.085s] [ 75%] Built target talker
[9.342s] [100%] [32m[1mLinking CXX executable listener[0m
[9.618s] [100%] Built target listener
[9.625s] Invoked command in '/home/philipp/cecar-technology/ros2_ws/build/node-configuration_example' returned '0': CMAKE_PREFIX_PATH=/home/philipp/project_nrsss0567105/ros2_ws/install/reconfiguration:/home/philipp/project_nrsss0567105/ros2_ws/install/reconfiguration_msgs:/home/philipp/project_nrsss0567105/ros2_ws/install/service_control_msgs:/home/philipp/dev_ws/src/install/cpp_srvcli:/home/philipp/dev_ws/src/install/cpp_pubsub:/home/philipp/dev_ws/src/install/tutorial_interfaces:/home/philipp/dev_ws/src/install/turtlesim:/home/philipp/dev_ws/src/install/testcar_description:/home/philipp/dev_ws/src/install/platooning:/home/philipp/dev_ws/src/install/platooning_interfaces:/home/philipp/dev_ws/src/install/my_package:/home/philipp/dev_ws/src/install/ackermann_vehicle_plugin:/home/philipp/dev_ws/src/install/ackermann_msgs:/home/philipp/dev_ws/install/cpp_srvcli:/home/philipp/dev_ws/install/cpp_pubsub:/home/philipp/dev_ws/install/tutorial_interfaces:/home/philipp/dev_ws/install/turtlesim:/home/philipp/dev_ws/install/testcar_gazebo:/home/philipp/dev_ws/install/testcar_description:/home/philipp/dev_ws/install/my_package:/home/philipp/dev_ws/install/ackermann_vehicle_plugin:/home/philipp/project_nrsss0567105/ros2_ws/install/platooning:/home/philipp/project_nrsss0567105/ros2_ws/install/system_discovery:/home/philipp/project_nrsss0567105/ros2_ws/install/system_discovery_msgs:/home/philipp/project_nrsss0567105/ros2_ws/install/platooning_interfaces:/home/philipp/project_nrsss0567105/ros2_ws/install/ackermann_vehicle_plugin:/home/philipp/project_nrsss0567105/ros2_ws/install/ackermann_vehicle_description:/home/philipp/project_nrsss0567105/ros2_ws/install/ackermann_msgs:/opt/ros/eloquent:/home/philipp/dev_ws/install/ackermann_msgs /usr/local/bin/cmake --build /home/philipp/cecar-technology/ros2_ws/build/node-configuration_example -- -j4 -l4
[9.674s] Invoking command in '/home/philipp/cecar-technology/ros2_ws/build/node-configuration_example': CMAKE_PREFIX_PATH=/home/philipp/project_nrsss0567105/ros2_ws/install/reconfiguration:/home/philipp/project_nrsss0567105/ros2_ws/install/reconfiguration_msgs:/home/philipp/project_nrsss0567105/ros2_ws/install/service_control_msgs:/home/philipp/dev_ws/src/install/cpp_srvcli:/home/philipp/dev_ws/src/install/cpp_pubsub:/home/philipp/dev_ws/src/install/tutorial_interfaces:/home/philipp/dev_ws/src/install/turtlesim:/home/philipp/dev_ws/src/install/testcar_description:/home/philipp/dev_ws/src/install/platooning:/home/philipp/dev_ws/src/install/platooning_interfaces:/home/philipp/dev_ws/src/install/my_package:/home/philipp/dev_ws/src/install/ackermann_vehicle_plugin:/home/philipp/dev_ws/src/install/ackermann_msgs:/home/philipp/dev_ws/install/cpp_srvcli:/home/philipp/dev_ws/install/cpp_pubsub:/home/philipp/dev_ws/install/tutorial_interfaces:/home/philipp/dev_ws/install/turtlesim:/home/philipp/dev_ws/install/testcar_gazebo:/home/philipp/dev_ws/install/testcar_description:/home/philipp/dev_ws/install/my_package:/home/philipp/dev_ws/install/ackermann_vehicle_plugin:/home/philipp/project_nrsss0567105/ros2_ws/install/platooning:/home/philipp/project_nrsss0567105/ros2_ws/install/system_discovery:/home/philipp/project_nrsss0567105/ros2_ws/install/system_discovery_msgs:/home/philipp/project_nrsss0567105/ros2_ws/install/platooning_interfaces:/home/philipp/project_nrsss0567105/ros2_ws/install/ackermann_vehicle_plugin:/home/philipp/project_nrsss0567105/ros2_ws/install/ackermann_vehicle_description:/home/philipp/project_nrsss0567105/ros2_ws/install/ackermann_msgs:/opt/ros/eloquent:/home/philipp/dev_ws/install/ackermann_msgs /usr/local/bin/cmake --install /home/philipp/cecar-technology/ros2_ws/build/node-configuration_example
[9.680s] -- Install configuration: ""
[9.681s] -- Installing: /home/philipp/cecar-technology/ros2_ws/install/node-configuration_example/lib/$[PROJECT_NAME}/talker
[9.682s] -- Set runtime path of "/home/philipp/cecar-technology/ros2_ws/install/node-configuration_example/lib/$[PROJECT_NAME}/talker" to ""
[9.682s] -- Installing: /home/philipp/cecar-technology/ros2_ws/install/node-configuration_example/lib/$[PROJECT_NAME}/listener
[9.683s] -- Set runtime path of "/home/philipp/cecar-technology/ros2_ws/install/node-configuration_example/lib/$[PROJECT_NAME}/listener" to ""
[9.684s] -- Installing: /home/philipp/cecar-technology/ros2_ws/install/node-configuration_example/share/ament_index/resource_index/package_run_dependencies/node-configuration_example
[9.684s] -- Installing: /home/philipp/cecar-technology/ros2_ws/install/node-configuration_example/share/ament_index/resource_index/parent_prefix_path/node-configuration_example
[9.684s] -- Installing: /home/philipp/cecar-technology/ros2_ws/install/node-configuration_example/share/node-configuration_example/environment/ament_prefix_path.sh
[9.684s] -- Installing: /home/philipp/cecar-technology/ros2_ws/install/node-configuration_example/share/node-configuration_example/environment/ament_prefix_path.dsv
[9.685s] -- Installing: /home/philipp/cecar-technology/ros2_ws/install/node-configuration_example/share/node-configuration_example/environment/path.sh
[9.685s] -- Installing: /home/philipp/cecar-technology/ros2_ws/install/node-configuration_example/share/node-configuration_example/environment/path.dsv
[9.687s] -- Installing: /home/philipp/cecar-technology/ros2_ws/install/node-configuration_example/share/node-configuration_example/local_setup.bash
[9.687s] -- Installing: /home/philipp/cecar-technology/ros2_ws/install/node-configuration_example/share/node-configuration_example/local_setup.sh
[9.687s] -- Installing: /home/philipp/cecar-technology/ros2_ws/install/node-configuration_example/share/node-configuration_example/local_setup.zsh
[9.687s] -- Installing: /home/philipp/cecar-technology/ros2_ws/install/node-configuration_example/share/node-configuration_example/local_setup.dsv
[9.688s] -- Installing: /home/philipp/cecar-technology/ros2_ws/install/node-configuration_example/share/node-configuration_example/package.dsv
[9.688s] -- Installing: /home/philipp/cecar-technology/ros2_ws/install/node-configuration_example/share/ament_index/resource_index/packages/node-configuration_example
[9.688s] -- Installing: /home/philipp/cecar-technology/ros2_ws/install/node-configuration_example/share/node-configuration_example/cmake/node-configuration_exampleConfig.cmake
[9.689s] -- Installing: /home/philipp/cecar-technology/ros2_ws/install/node-configuration_example/share/node-configuration_example/cmake/node-configuration_exampleConfig-version.cmake
[9.689s] -- Installing: /home/philipp/cecar-technology/ros2_ws/install/node-configuration_example/share/node-configuration_example/package.xml
[9.692s] Invoked command in '/home/philipp/cecar-technology/ros2_ws/build/node-configuration_example' returned '0': CMAKE_PREFIX_PATH=/home/philipp/project_nrsss0567105/ros2_ws/install/reconfiguration:/home/philipp/project_nrsss0567105/ros2_ws/install/reconfiguration_msgs:/home/philipp/project_nrsss0567105/ros2_ws/install/service_control_msgs:/home/philipp/dev_ws/src/install/cpp_srvcli:/home/philipp/dev_ws/src/install/cpp_pubsub:/home/philipp/dev_ws/src/install/tutorial_interfaces:/home/philipp/dev_ws/src/install/turtlesim:/home/philipp/dev_ws/src/install/testcar_description:/home/philipp/dev_ws/src/install/platooning:/home/philipp/dev_ws/src/install/platooning_interfaces:/home/philipp/dev_ws/src/install/my_package:/home/philipp/dev_ws/src/install/ackermann_vehicle_plugin:/home/philipp/dev_ws/src/install/ackermann_msgs:/home/philipp/dev_ws/install/cpp_srvcli:/home/philipp/dev_ws/install/cpp_pubsub:/home/philipp/dev_ws/install/tutorial_interfaces:/home/philipp/dev_ws/install/turtlesim:/home/philipp/dev_ws/install/testcar_gazebo:/home/philipp/dev_ws/install/testcar_description:/home/philipp/dev_ws/install/my_package:/home/philipp/dev_ws/install/ackermann_vehicle_plugin:/home/philipp/project_nrsss0567105/ros2_ws/install/platooning:/home/philipp/project_nrsss0567105/ros2_ws/install/system_discovery:/home/philipp/project_nrsss0567105/ros2_ws/install/system_discovery_msgs:/home/philipp/project_nrsss0567105/ros2_ws/install/platooning_interfaces:/home/philipp/project_nrsss0567105/ros2_ws/install/ackermann_vehicle_plugin:/home/philipp/project_nrsss0567105/ros2_ws/install/ackermann_vehicle_description:/home/philipp/project_nrsss0567105/ros2_ws/install/ackermann_msgs:/opt/ros/eloquent:/home/philipp/dev_ws/install/ackermann_msgs /usr/local/bin/cmake --install /home/philipp/cecar-technology/ros2_ws/build/node-configuration_example
