[ 75%] Built target talker
[100%] Built target listener
-- Install configuration: ""
-- Execute custom install script
-- Up-to-date symlink: /home/philipp/cecar-technology/ros2_ws/install/node-configuration_example/lib/node-configuration_example/talker
-- Up-to-date symlink: /home/philipp/cecar-technology/ros2_ws/install/node-configuration_example/lib/node-configuration_example/listener
-- Symlinking: /home/philipp/cecar-technology/ros2_ws/install/node-configuration_example/share/node-configuration_example//launch/demo.launch.py
-- Up-to-date symlink: /home/philipp/cecar-technology/ros2_ws/install/node-configuration_example/share/ament_index/resource_index/package_run_dependencies/node-configuration_example
-- Up-to-date symlink: /home/philipp/cecar-technology/ros2_ws/install/node-configuration_example/share/ament_index/resource_index/parent_prefix_path/node-configuration_example
-- Up-to-date symlink: /home/philipp/cecar-technology/ros2_ws/install/node-configuration_example/share/node-configuration_example/environment/ament_prefix_path.sh
-- Up-to-date symlink: /home/philipp/cecar-technology/ros2_ws/install/node-configuration_example/share/node-configuration_example/environment/ament_prefix_path.dsv
-- Up-to-date symlink: /home/philipp/cecar-technology/ros2_ws/install/node-configuration_example/share/node-configuration_example/environment/path.sh
-- Up-to-date symlink: /home/philipp/cecar-technology/ros2_ws/install/node-configuration_example/share/node-configuration_example/environment/path.dsv
-- Up-to-date symlink: /home/philipp/cecar-technology/ros2_ws/install/node-configuration_example/share/node-configuration_example/local_setup.bash
-- Up-to-date symlink: /home/philipp/cecar-technology/ros2_ws/install/node-configuration_example/share/node-configuration_example/local_setup.sh
-- Up-to-date symlink: /home/philipp/cecar-technology/ros2_ws/install/node-configuration_example/share/node-configuration_example/local_setup.zsh
-- Up-to-date symlink: /home/philipp/cecar-technology/ros2_ws/install/node-configuration_example/share/node-configuration_example/local_setup.dsv
-- Symlinking: /home/philipp/cecar-technology/ros2_ws/install/node-configuration_example/share/node-configuration_example/package.dsv
-- Up-to-date symlink: /home/philipp/cecar-technology/ros2_ws/install/node-configuration_example/share/ament_index/resource_index/packages/node-configuration_example
-- Up-to-date symlink: /home/philipp/cecar-technology/ros2_ws/install/node-configuration_example/share/node-configuration_example/cmake/node-configuration_exampleConfig.cmake
-- Up-to-date symlink: /home/philipp/cecar-technology/ros2_ws/install/node-configuration_example/share/node-configuration_example/cmake/node-configuration_exampleConfig-version.cmake
-- Up-to-date symlink: /home/philipp/cecar-technology/ros2_ws/install/node-configuration_example/share/node-configuration_example/package.xml
