[0.228s] DEBUG:colcon:Command line arguments: ['/usr/bin/colcon', 'build', '--packages-select', 'node-configuration_example']
[0.228s] DEBUG:colcon:Parsed command line arguments: Namespace(ament_cmake_args=None, base_paths=['.'], build_base='build', catkin_cmake_args=None, catkin_skip_building_tests=False, cmake_args=None, cmake_clean_cache=False, cmake_clean_first=False, cmake_force_configure=False, cmake_target=None, cmake_target_skip_unavailable=False, continue_on_error=False, event_handlers=None, executor='parallel', ignore_user_meta=False, install_base='install', log_base=None, log_level=None, main=<bound method BuildVerb.main of <colcon_core.verb.build.BuildVerb object at 0x7f5a04f4e470>>, merge_install=False, metas=['./colcon.meta'], packages_above=None, packages_above_and_dependencies=None, packages_above_depth=None, packages_end=None, packages_ignore=None, packages_ignore_regex=None, packages_select=['node-configuration_example'], packages_select_build_failed=False, packages_select_by_dep=None, packages_select_regex=None, packages_select_test_failures=False, packages_skip=None, packages_skip_build_finished=False, packages_skip_by_dep=None, packages_skip_regex=None, packages_skip_test_passed=False, packages_skip_up_to=None, packages_start=None, packages_up_to=None, packages_up_to_regex=None, parallel_workers=4, paths=None, symlink_install=False, test_result_base=None, verb_extension=<colcon_core.verb.build.BuildVerb object at 0x7f5a04f4e470>, verb_name='build', verb_parser=<colcon_defaults.argument_parser.defaults.DefaultArgumentsDecorator object at 0x7f5a04f4e7b8>)
[0.258s] Level 1:colcon.colcon_core.package_discovery:discover_packages(colcon_meta) check parameters
[0.259s] Level 1:colcon.colcon_core.package_discovery:discover_packages(recursive) check parameters
[0.259s] Level 1:colcon.colcon_core.package_discovery:discover_packages(ignore) check parameters
[0.259s] Level 1:colcon.colcon_core.package_discovery:discover_packages(path) check parameters
[0.259s] Level 1:colcon.colcon_core.package_discovery:discover_packages(colcon_meta) discover
[0.259s] Level 1:colcon.colcon_core.package_discovery:discover_packages(recursive) discover
[0.259s] INFO:colcon.colcon_core.package_discovery:Crawling recursively for packages in '/home/philipp/cecar-technology/ros2_ws'
[0.260s] Level 1:colcon.colcon_core.package_identification:_identify(.) by extensions ['ignore', 'ignore_ament_install']
[0.260s] Level 1:colcon.colcon_core.package_identification:_identify(.) by extension 'ignore'
[0.260s] Level 1:colcon.colcon_core.package_identification:_identify(.) by extension 'ignore_ament_install'
[0.260s] Level 1:colcon.colcon_core.package_identification:_identify(.) by extensions ['colcon_pkg']
[0.260s] Level 1:colcon.colcon_core.package_identification:_identify(.) by extension 'colcon_pkg'
[0.260s] Level 1:colcon.colcon_core.package_identification:_identify(.) by extensions ['colcon_meta']
[0.260s] Level 1:colcon.colcon_core.package_identification:_identify(.) by extension 'colcon_meta'
[0.260s] Level 1:colcon.colcon_core.package_identification:_identify(.) by extensions ['ros']
[0.260s] Level 1:colcon.colcon_core.package_identification:_identify(.) by extension 'ros'
[0.279s] Level 1:colcon.colcon_core.package_identification:_identify(.) by extensions ['cmake', 'python']
[0.279s] Level 1:colcon.colcon_core.package_identification:_identify(.) by extension 'cmake'
[0.279s] Level 1:colcon.colcon_core.package_identification:_identify(.) by extension 'python'
[0.279s] Level 1:colcon.colcon_core.package_identification:_identify(.) by extensions ['python_setup_py']
[0.279s] Level 1:colcon.colcon_core.package_identification:_identify(.) by extension 'python_setup_py'
[0.279s] Level 1:colcon.colcon_core.package_identification:_identify(build) by extensions ['ignore', 'ignore_ament_install']
[0.280s] Level 1:colcon.colcon_core.package_identification:_identify(build) by extension 'ignore'
[0.280s] Level 1:colcon.colcon_core.package_identification:_identify(build) ignored
[0.280s] Level 1:colcon.colcon_core.package_identification:_identify(install) by extensions ['ignore', 'ignore_ament_install']
[0.280s] Level 1:colcon.colcon_core.package_identification:_identify(install) by extension 'ignore'
[0.281s] Level 1:colcon.colcon_core.package_identification:_identify(install) ignored
[0.281s] Level 1:colcon.colcon_core.package_identification:_identify(log) by extensions ['ignore', 'ignore_ament_install']
[0.281s] Level 1:colcon.colcon_core.package_identification:_identify(log) by extension 'ignore'
[0.281s] Level 1:colcon.colcon_core.package_identification:_identify(log) ignored
[0.281s] Level 1:colcon.colcon_core.package_identification:_identify(src) by extensions ['ignore', 'ignore_ament_install']
[0.281s] Level 1:colcon.colcon_core.package_identification:_identify(src) by extension 'ignore'
[0.281s] Level 1:colcon.colcon_core.package_identification:_identify(src) by extension 'ignore_ament_install'
[0.281s] Level 1:colcon.colcon_core.package_identification:_identify(src) by extensions ['colcon_pkg']
[0.282s] Level 1:colcon.colcon_core.package_identification:_identify(src) by extension 'colcon_pkg'
[0.282s] Level 1:colcon.colcon_core.package_identification:_identify(src) by extensions ['colcon_meta']
[0.282s] Level 1:colcon.colcon_core.package_identification:_identify(src) by extension 'colcon_meta'
[0.282s] Level 1:colcon.colcon_core.package_identification:_identify(src) by extensions ['ros']
[0.282s] Level 1:colcon.colcon_core.package_identification:_identify(src) by extension 'ros'
[0.282s] Level 1:colcon.colcon_core.package_identification:_identify(src) by extensions ['cmake', 'python']
[0.282s] Level 1:colcon.colcon_core.package_identification:_identify(src) by extension 'cmake'
[0.282s] Level 1:colcon.colcon_core.package_identification:_identify(src) by extension 'python'
[0.282s] Level 1:colcon.colcon_core.package_identification:_identify(src) by extensions ['python_setup_py']
[0.282s] Level 1:colcon.colcon_core.package_identification:_identify(src) by extension 'python_setup_py'
[0.282s] Level 1:colcon.colcon_core.package_identification:_identify(src/node-configuration_example) by extensions ['ignore', 'ignore_ament_install']
[0.283s] Level 1:colcon.colcon_core.package_identification:_identify(src/node-configuration_example) by extension 'ignore'
[0.283s] Level 1:colcon.colcon_core.package_identification:_identify(src/node-configuration_example) by extension 'ignore_ament_install'
[0.283s] Level 1:colcon.colcon_core.package_identification:_identify(src/node-configuration_example) by extensions ['colcon_pkg']
[0.283s] Level 1:colcon.colcon_core.package_identification:_identify(src/node-configuration_example) by extension 'colcon_pkg'
[0.283s] Level 1:colcon.colcon_core.package_identification:_identify(src/node-configuration_example) by extensions ['colcon_meta']
[0.283s] Level 1:colcon.colcon_core.package_identification:_identify(src/node-configuration_example) by extension 'colcon_meta'
[0.283s] Level 1:colcon.colcon_core.package_identification:_identify(src/node-configuration_example) by extensions ['ros']
[0.283s] Level 1:colcon.colcon_core.package_identification:_identify(src/node-configuration_example) by extension 'ros'
[0.287s] DEBUG:colcon.colcon_core.package_identification:Package 'src/node-configuration_example' with type 'ros.ament_cmake' and name 'node-configuration_example'
[0.287s] Level 1:colcon.colcon_core.package_discovery:discover_packages(recursive) using defaults
[0.288s] Level 1:colcon.colcon_core.package_discovery:discover_packages(ignore) discover
[0.288s] Level 1:colcon.colcon_core.package_discovery:discover_packages(ignore) using defaults
[0.288s] Level 1:colcon.colcon_core.package_discovery:discover_packages(path) discover
[0.288s] Level 1:colcon.colcon_core.package_discovery:discover_packages(path) using defaults
[0.300s] Level 5:colcon.colcon_core.verb:set package 'node-configuration_example' build argument 'cmake_args' from command line to 'None'
[0.300s] Level 5:colcon.colcon_core.verb:set package 'node-configuration_example' build argument 'cmake_target' from command line to 'None'
[0.300s] Level 5:colcon.colcon_core.verb:set package 'node-configuration_example' build argument 'cmake_target_skip_unavailable' from command line to 'False'
[0.300s] Level 5:colcon.colcon_core.verb:set package 'node-configuration_example' build argument 'cmake_clean_cache' from command line to 'False'
[0.300s] Level 5:colcon.colcon_core.verb:set package 'node-configuration_example' build argument 'cmake_clean_first' from command line to 'False'
[0.300s] Level 5:colcon.colcon_core.verb:set package 'node-configuration_example' build argument 'cmake_force_configure' from command line to 'False'
[0.300s] Level 5:colcon.colcon_core.verb:set package 'node-configuration_example' build argument 'ament_cmake_args' from command line to 'None'
[0.301s] Level 5:colcon.colcon_core.verb:set package 'node-configuration_example' build argument 'catkin_cmake_args' from command line to 'None'
[0.301s] Level 5:colcon.colcon_core.verb:set package 'node-configuration_example' build argument 'catkin_skip_building_tests' from command line to 'False'
[0.301s] DEBUG:colcon.colcon_core.verb:Building package 'node-configuration_example' with the following arguments: {'ament_cmake_args': None, 'build_base': '/home/philipp/cecar-technology/ros2_ws/build/node-configuration_example', 'catkin_cmake_args': None, 'catkin_skip_building_tests': False, 'cmake_args': None, 'cmake_clean_cache': False, 'cmake_clean_first': False, 'cmake_force_configure': False, 'cmake_target': None, 'cmake_target_skip_unavailable': False, 'install_base': '/home/philipp/cecar-technology/ros2_ws/install/node-configuration_example', 'merge_install': False, 'path': '/home/philipp/cecar-technology/ros2_ws/src/node-configuration_example', 'symlink_install': False, 'test_result_base': None}
[0.301s] INFO:colcon.colcon_core.executor:Executing jobs using 'parallel' executor
[0.305s] DEBUG:colcon.colcon_parallel_executor.executor.parallel:run_until_complete
[0.305s] INFO:colcon.colcon_ros.task.ament_cmake.build:Building ROS package in '/home/philipp/cecar-technology/ros2_ws/src/node-configuration_example' with build type 'ament_cmake'
[0.310s] INFO:colcon.colcon_core.plugin_system:Skipping extension 'colcon_core.shell.bat': Not used on non-Windows systems
[0.311s] INFO:colcon.colcon_cmake.task.cmake.build:Building CMake package in '/home/philipp/cecar-technology/ros2_ws/src/node-configuration_example'
[0.312s] INFO:colcon.colcon_core.shell:Skip shell extension 'powershell' for command environment: Not usable outside of PowerShell
[0.312s] DEBUG:colcon.colcon_core.shell:Skip shell extension 'dsv' for command environment
[0.319s] DEBUG:colcon.colcon_core.shell:Ignoring prefix path '/opt/ros/eloquent'
[0.333s] DEBUG:colcon.colcon_core.event_handler.log_command:Invoking command in '/home/philipp/cecar-technology/ros2_ws/build/node-configuration_example': CMAKE_PREFIX_PATH=/home/philipp/cecar-technology/ros2_ws/install/node-configuration_example:/home/philipp/project_nrsss0567105/ros2_ws/install/reconfiguration:/home/philipp/project_nrsss0567105/ros2_ws/install/reconfiguration_msgs:/home/philipp/project_nrsss0567105/ros2_ws/install/service_control_msgs:/home/philipp/dev_ws/src/install/cpp_srvcli:/home/philipp/dev_ws/src/install/cpp_pubsub:/home/philipp/dev_ws/src/install/tutorial_interfaces:/home/philipp/dev_ws/src/install/turtlesim:/home/philipp/dev_ws/src/install/testcar_description:/home/philipp/dev_ws/src/install/platooning:/home/philipp/dev_ws/src/install/platooning_interfaces:/home/philipp/dev_ws/src/install/my_package:/home/philipp/dev_ws/src/install/ackermann_vehicle_plugin:/home/philipp/dev_ws/src/install/ackermann_msgs:/home/philipp/dev_ws/install/cpp_srvcli:/home/philipp/dev_ws/install/cpp_pubsub:/home/philipp/dev_ws/install/tutorial_interfaces:/home/philipp/dev_ws/install/turtlesim:/home/philipp/dev_ws/install/testcar_gazebo:/home/philipp/dev_ws/install/testcar_description:/home/philipp/dev_ws/install/my_package:/home/philipp/dev_ws/install/ackermann_vehicle_plugin:/home/philipp/project_nrsss0567105/ros2_ws/install/platooning:/home/philipp/project_nrsss0567105/ros2_ws/install/system_discovery:/home/philipp/project_nrsss0567105/ros2_ws/install/system_discovery_msgs:/home/philipp/project_nrsss0567105/ros2_ws/install/platooning_interfaces:/home/philipp/project_nrsss0567105/ros2_ws/install/ackermann_vehicle_plugin:/home/philipp/project_nrsss0567105/ros2_ws/install/ackermann_vehicle_description:/home/philipp/project_nrsss0567105/ros2_ws/install/ackermann_msgs:/opt/ros/eloquent:/home/philipp/dev_ws/install/ackermann_msgs /usr/local/bin/cmake /home/philipp/cecar-technology/ros2_ws/src/node-configuration_example -DCMAKE_INSTALL_PREFIX=/home/philipp/cecar-technology/ros2_ws/install/node-configuration_example
[0.908s] DEBUG:colcon.colcon_core.event_handler.log_command:Invoked command in '/home/philipp/cecar-technology/ros2_ws/build/node-configuration_example' returned '0': CMAKE_PREFIX_PATH=/home/philipp/cecar-technology/ros2_ws/install/node-configuration_example:/home/philipp/project_nrsss0567105/ros2_ws/install/reconfiguration:/home/philipp/project_nrsss0567105/ros2_ws/install/reconfiguration_msgs:/home/philipp/project_nrsss0567105/ros2_ws/install/service_control_msgs:/home/philipp/dev_ws/src/install/cpp_srvcli:/home/philipp/dev_ws/src/install/cpp_pubsub:/home/philipp/dev_ws/src/install/tutorial_interfaces:/home/philipp/dev_ws/src/install/turtlesim:/home/philipp/dev_ws/src/install/testcar_description:/home/philipp/dev_ws/src/install/platooning:/home/philipp/dev_ws/src/install/platooning_interfaces:/home/philipp/dev_ws/src/install/my_package:/home/philipp/dev_ws/src/install/ackermann_vehicle_plugin:/home/philipp/dev_ws/src/install/ackermann_msgs:/home/philipp/dev_ws/install/cpp_srvcli:/home/philipp/dev_ws/install/cpp_pubsub:/home/philipp/dev_ws/install/tutorial_interfaces:/home/philipp/dev_ws/install/turtlesim:/home/philipp/dev_ws/install/testcar_gazebo:/home/philipp/dev_ws/install/testcar_description:/home/philipp/dev_ws/install/my_package:/home/philipp/dev_ws/install/ackermann_vehicle_plugin:/home/philipp/project_nrsss0567105/ros2_ws/install/platooning:/home/philipp/project_nrsss0567105/ros2_ws/install/system_discovery:/home/philipp/project_nrsss0567105/ros2_ws/install/system_discovery_msgs:/home/philipp/project_nrsss0567105/ros2_ws/install/platooning_interfaces:/home/philipp/project_nrsss0567105/ros2_ws/install/ackermann_vehicle_plugin:/home/philipp/project_nrsss0567105/ros2_ws/install/ackermann_vehicle_description:/home/philipp/project_nrsss0567105/ros2_ws/install/ackermann_msgs:/opt/ros/eloquent:/home/philipp/dev_ws/install/ackermann_msgs /usr/local/bin/cmake /home/philipp/cecar-technology/ros2_ws/src/node-configuration_example -DCMAKE_INSTALL_PREFIX=/home/philipp/cecar-technology/ros2_ws/install/node-configuration_example
[0.913s] DEBUG:colcon.colcon_core.event_handler.log_command:Invoking command in '/home/philipp/cecar-technology/ros2_ws/build/node-configuration_example': CMAKE_PREFIX_PATH=/home/philipp/cecar-technology/ros2_ws/install/node-configuration_example:/home/philipp/project_nrsss0567105/ros2_ws/install/reconfiguration:/home/philipp/project_nrsss0567105/ros2_ws/install/reconfiguration_msgs:/home/philipp/project_nrsss0567105/ros2_ws/install/service_control_msgs:/home/philipp/dev_ws/src/install/cpp_srvcli:/home/philipp/dev_ws/src/install/cpp_pubsub:/home/philipp/dev_ws/src/install/tutorial_interfaces:/home/philipp/dev_ws/src/install/turtlesim:/home/philipp/dev_ws/src/install/testcar_description:/home/philipp/dev_ws/src/install/platooning:/home/philipp/dev_ws/src/install/platooning_interfaces:/home/philipp/dev_ws/src/install/my_package:/home/philipp/dev_ws/src/install/ackermann_vehicle_plugin:/home/philipp/dev_ws/src/install/ackermann_msgs:/home/philipp/dev_ws/install/cpp_srvcli:/home/philipp/dev_ws/install/cpp_pubsub:/home/philipp/dev_ws/install/tutorial_interfaces:/home/philipp/dev_ws/install/turtlesim:/home/philipp/dev_ws/install/testcar_gazebo:/home/philipp/dev_ws/install/testcar_description:/home/philipp/dev_ws/install/my_package:/home/philipp/dev_ws/install/ackermann_vehicle_plugin:/home/philipp/project_nrsss0567105/ros2_ws/install/platooning:/home/philipp/project_nrsss0567105/ros2_ws/install/system_discovery:/home/philipp/project_nrsss0567105/ros2_ws/install/system_discovery_msgs:/home/philipp/project_nrsss0567105/ros2_ws/install/platooning_interfaces:/home/philipp/project_nrsss0567105/ros2_ws/install/ackermann_vehicle_plugin:/home/philipp/project_nrsss0567105/ros2_ws/install/ackermann_vehicle_description:/home/philipp/project_nrsss0567105/ros2_ws/install/ackermann_msgs:/opt/ros/eloquent:/home/philipp/dev_ws/install/ackermann_msgs /usr/local/bin/cmake --build /home/philipp/cecar-technology/ros2_ws/build/node-configuration_example -- -j4 -l4
[0.960s] DEBUG:colcon.colcon_core.event_handler.log_command:Invoked command in '/home/philipp/cecar-technology/ros2_ws/build/node-configuration_example' returned '0': CMAKE_PREFIX_PATH=/home/philipp/cecar-technology/ros2_ws/install/node-configuration_example:/home/philipp/project_nrsss0567105/ros2_ws/install/reconfiguration:/home/philipp/project_nrsss0567105/ros2_ws/install/reconfiguration_msgs:/home/philipp/project_nrsss0567105/ros2_ws/install/service_control_msgs:/home/philipp/dev_ws/src/install/cpp_srvcli:/home/philipp/dev_ws/src/install/cpp_pubsub:/home/philipp/dev_ws/src/install/tutorial_interfaces:/home/philipp/dev_ws/src/install/turtlesim:/home/philipp/dev_ws/src/install/testcar_description:/home/philipp/dev_ws/src/install/platooning:/home/philipp/dev_ws/src/install/platooning_interfaces:/home/philipp/dev_ws/src/install/my_package:/home/philipp/dev_ws/src/install/ackermann_vehicle_plugin:/home/philipp/dev_ws/src/install/ackermann_msgs:/home/philipp/dev_ws/install/cpp_srvcli:/home/philipp/dev_ws/install/cpp_pubsub:/home/philipp/dev_ws/install/tutorial_interfaces:/home/philipp/dev_ws/install/turtlesim:/home/philipp/dev_ws/install/testcar_gazebo:/home/philipp/dev_ws/install/testcar_description:/home/philipp/dev_ws/install/my_package:/home/philipp/dev_ws/install/ackermann_vehicle_plugin:/home/philipp/project_nrsss0567105/ros2_ws/install/platooning:/home/philipp/project_nrsss0567105/ros2_ws/install/system_discovery:/home/philipp/project_nrsss0567105/ros2_ws/install/system_discovery_msgs:/home/philipp/project_nrsss0567105/ros2_ws/install/platooning_interfaces:/home/philipp/project_nrsss0567105/ros2_ws/install/ackermann_vehicle_plugin:/home/philipp/project_nrsss0567105/ros2_ws/install/ackermann_vehicle_description:/home/philipp/project_nrsss0567105/ros2_ws/install/ackermann_msgs:/opt/ros/eloquent:/home/philipp/dev_ws/install/ackermann_msgs /usr/local/bin/cmake --build /home/philipp/cecar-technology/ros2_ws/build/node-configuration_example -- -j4 -l4
[1.007s] DEBUG:colcon.colcon_core.event_handler.log_command:Invoking command in '/home/philipp/cecar-technology/ros2_ws/build/node-configuration_example': CMAKE_PREFIX_PATH=/home/philipp/cecar-technology/ros2_ws/install/node-configuration_example:/home/philipp/project_nrsss0567105/ros2_ws/install/reconfiguration:/home/philipp/project_nrsss0567105/ros2_ws/install/reconfiguration_msgs:/home/philipp/project_nrsss0567105/ros2_ws/install/service_control_msgs:/home/philipp/dev_ws/src/install/cpp_srvcli:/home/philipp/dev_ws/src/install/cpp_pubsub:/home/philipp/dev_ws/src/install/tutorial_interfaces:/home/philipp/dev_ws/src/install/turtlesim:/home/philipp/dev_ws/src/install/testcar_description:/home/philipp/dev_ws/src/install/platooning:/home/philipp/dev_ws/src/install/platooning_interfaces:/home/philipp/dev_ws/src/install/my_package:/home/philipp/dev_ws/src/install/ackermann_vehicle_plugin:/home/philipp/dev_ws/src/install/ackermann_msgs:/home/philipp/dev_ws/install/cpp_srvcli:/home/philipp/dev_ws/install/cpp_pubsub:/home/philipp/dev_ws/install/tutorial_interfaces:/home/philipp/dev_ws/install/turtlesim:/home/philipp/dev_ws/install/testcar_gazebo:/home/philipp/dev_ws/install/testcar_description:/home/philipp/dev_ws/install/my_package:/home/philipp/dev_ws/install/ackermann_vehicle_plugin:/home/philipp/project_nrsss0567105/ros2_ws/install/platooning:/home/philipp/project_nrsss0567105/ros2_ws/install/system_discovery:/home/philipp/project_nrsss0567105/ros2_ws/install/system_discovery_msgs:/home/philipp/project_nrsss0567105/ros2_ws/install/platooning_interfaces:/home/philipp/project_nrsss0567105/ros2_ws/install/ackermann_vehicle_plugin:/home/philipp/project_nrsss0567105/ros2_ws/install/ackermann_vehicle_description:/home/philipp/project_nrsss0567105/ros2_ws/install/ackermann_msgs:/opt/ros/eloquent:/home/philipp/dev_ws/install/ackermann_msgs /usr/local/bin/cmake --install /home/philipp/cecar-technology/ros2_ws/build/node-configuration_example
[1.029s] Level 1:colcon.colcon_core.environment:create_environment_scripts_only(node-configuration_example)
[1.031s] DEBUG:colcon.colcon_core.event_handler.log_command:Invoked command in '/home/philipp/cecar-technology/ros2_ws/build/node-configuration_example' returned '0': CMAKE_PREFIX_PATH=/home/philipp/cecar-technology/ros2_ws/install/node-configuration_example:/home/philipp/project_nrsss0567105/ros2_ws/install/reconfiguration:/home/philipp/project_nrsss0567105/ros2_ws/install/reconfiguration_msgs:/home/philipp/project_nrsss0567105/ros2_ws/install/service_control_msgs:/home/philipp/dev_ws/src/install/cpp_srvcli:/home/philipp/dev_ws/src/install/cpp_pubsub:/home/philipp/dev_ws/src/install/tutorial_interfaces:/home/philipp/dev_ws/src/install/turtlesim:/home/philipp/dev_ws/src/install/testcar_description:/home/philipp/dev_ws/src/install/platooning:/home/philipp/dev_ws/src/install/platooning_interfaces:/home/philipp/dev_ws/src/install/my_package:/home/philipp/dev_ws/src/install/ackermann_vehicle_plugin:/home/philipp/dev_ws/src/install/ackermann_msgs:/home/philipp/dev_ws/install/cpp_srvcli:/home/philipp/dev_ws/install/cpp_pubsub:/home/philipp/dev_ws/install/tutorial_interfaces:/home/philipp/dev_ws/install/turtlesim:/home/philipp/dev_ws/install/testcar_gazebo:/home/philipp/dev_ws/install/testcar_description:/home/philipp/dev_ws/install/my_package:/home/philipp/dev_ws/install/ackermann_vehicle_plugin:/home/philipp/project_nrsss0567105/ros2_ws/install/platooning:/home/philipp/project_nrsss0567105/ros2_ws/install/system_discovery:/home/philipp/project_nrsss0567105/ros2_ws/install/system_discovery_msgs:/home/philipp/project_nrsss0567105/ros2_ws/install/platooning_interfaces:/home/philipp/project_nrsss0567105/ros2_ws/install/ackermann_vehicle_plugin:/home/philipp/project_nrsss0567105/ros2_ws/install/ackermann_vehicle_description:/home/philipp/project_nrsss0567105/ros2_ws/install/ackermann_msgs:/opt/ros/eloquent:/home/philipp/dev_ws/install/ackermann_msgs /usr/local/bin/cmake --install /home/philipp/cecar-technology/ros2_ws/build/node-configuration_example
[1.036s] Level 1:colcon.colcon_core.environment:checking '/home/philipp/cecar-technology/ros2_ws/install/node-configuration_example' for CMake module files
[1.038s] Level 1:colcon.colcon_core.environment:checking '/home/philipp/cecar-technology/ros2_ws/install/node-configuration_example' for CMake config files
[1.038s] Level 1:colcon.colcon_core.shell:create_environment_hook('node-configuration_example', 'cmake_prefix_path')
[1.040s] INFO:colcon.colcon_core.shell:Creating environment hook '/home/philipp/cecar-technology/ros2_ws/install/node-configuration_example/share/node-configuration_example/hook/cmake_prefix_path.ps1'
[1.041s] INFO:colcon.colcon_core.shell:Creating environment descriptor '/home/philipp/cecar-technology/ros2_ws/install/node-configuration_example/share/node-configuration_example/hook/cmake_prefix_path.dsv'
[1.043s] INFO:colcon.colcon_core.shell:Creating environment hook '/home/philipp/cecar-technology/ros2_ws/install/node-configuration_example/share/node-configuration_example/hook/cmake_prefix_path.sh'
[1.062s] Level 1:colcon.colcon_core.environment:checking '/home/philipp/cecar-technology/ros2_ws/install/node-configuration_example/lib'
[1.062s] Level 1:colcon.colcon_core.environment:checking '/home/philipp/cecar-technology/ros2_ws/install/node-configuration_example/bin'
[1.062s] Level 1:colcon.colcon_core.environment:checking '/home/philipp/cecar-technology/ros2_ws/install/node-configuration_example/lib/pkgconfig/node-configuration_example.pc'
[1.063s] Level 1:colcon.colcon_core.environment:checking '/home/philipp/cecar-technology/ros2_ws/install/node-configuration_example/lib/python3.6/site-packages'
[1.064s] INFO:colcon.colcon_core.shell:Creating package script '/home/philipp/cecar-technology/ros2_ws/install/node-configuration_example/share/node-configuration_example/package.ps1'
[1.065s] INFO:colcon.colcon_core.shell:Creating package descriptor '/home/philipp/cecar-technology/ros2_ws/install/node-configuration_example/share/node-configuration_example/package.dsv'
[1.066s] INFO:colcon.colcon_core.shell:Creating package script '/home/philipp/cecar-technology/ros2_ws/install/node-configuration_example/share/node-configuration_example/package.sh'
[1.067s] INFO:colcon.colcon_core.shell:Creating package script '/home/philipp/cecar-technology/ros2_ws/install/node-configuration_example/share/node-configuration_example/package.bash'
[1.069s] INFO:colcon.colcon_core.shell:Creating package script '/home/philipp/cecar-technology/ros2_ws/install/node-configuration_example/share/node-configuration_example/package.zsh'
[1.070s] Level 1:colcon.colcon_core.environment:create_file_with_runtime_dependencies(/home/philipp/cecar-technology/ros2_ws/install/node-configuration_example/share/colcon-core/packages/node-configuration_example)
[1.071s] DEBUG:colcon.colcon_parallel_executor.executor.parallel:closing loop
[1.072s] DEBUG:colcon.colcon_parallel_executor.executor.parallel:loop closed
[1.072s] DEBUG:colcon.colcon_parallel_executor.executor.parallel:run_until_complete finished with '0'
[1.072s] DEBUG:colcon.colcon_core.event_reactor:joining thread
[1.081s] INFO:colcon.colcon_core.plugin_system:Skipping extension 'colcon_notification.desktop_notification.notify_send': Could not find 'notify-send'
[1.082s] INFO:colcon.colcon_core.plugin_system:Skipping extension 'colcon_notification.desktop_notification.terminal_notifier': Not used on non-Darwin systems
[1.082s] INFO:colcon.colcon_core.plugin_system:Skipping extension 'colcon_notification.desktop_notification.win32': Not used on non-Windows systems
[1.082s] INFO:colcon.colcon_notification.desktop_notification:Sending desktop notification using 'notify2'
[1.084s] DEBUG:colcon.colcon_core.event_reactor:joined thread
[1.086s] INFO:colcon.colcon_core.shell:Creating prefix script '/home/philipp/cecar-technology/ros2_ws/install/local_setup.ps1'
[1.088s] INFO:colcon.colcon_core.shell:Creating prefix util module '/home/philipp/cecar-technology/ros2_ws/install/_local_setup_util_ps1.py'
[1.092s] INFO:colcon.colcon_core.shell:Creating prefix chain script '/home/philipp/cecar-technology/ros2_ws/install/setup.ps1'
[1.101s] INFO:colcon.colcon_core.shell:Creating prefix script '/home/philipp/cecar-technology/ros2_ws/install/local_setup.sh'
[1.102s] INFO:colcon.colcon_core.shell:Creating prefix util module '/home/philipp/cecar-technology/ros2_ws/install/_local_setup_util_sh.py'
[1.104s] INFO:colcon.colcon_core.shell:Creating prefix chain script '/home/philipp/cecar-technology/ros2_ws/install/setup.sh'
[1.110s] INFO:colcon.colcon_core.shell:Creating prefix script '/home/philipp/cecar-technology/ros2_ws/install/local_setup.bash'
[1.110s] INFO:colcon.colcon_core.shell:Creating prefix chain script '/home/philipp/cecar-technology/ros2_ws/install/setup.bash'
[1.116s] INFO:colcon.colcon_core.shell:Creating prefix script '/home/philipp/cecar-technology/ros2_ws/install/local_setup.zsh'
[1.116s] INFO:colcon.colcon_core.shell:Creating prefix chain script '/home/philipp/cecar-technology/ros2_ws/install/setup.zsh'
